<?xml version="1.0" encoding="UTF-8"?>
<testsuite xmlns:xsi="http://www.w3.org/2001/XMLSchema-instance" xsi:noNamespaceSchemaLocation="https://maven.apache.org/surefire/maven-surefire-plugin/xsd/surefire-test-report-3.0.xsd" version="3.0" name="TestSuite" time="38.645" tests="4" errors="0" skipped="0" failures="0">
  <properties>
[...]
</properties>
  <testcase name="successfulLoginTest" classname="testScript.LoginTest" time="6.394">
    <system-out><![CDATA[Prueba OK...Swag Labs
]]></system-out>
    <system-err><![CDATA[abr 04, 2025 4:37:04 P. M. io.github.bonigarcia.wdm.WebDriverManager resolveDriverVersion
INFORMACIÓN: Using chromedriver 134.0.6998.165 (resolved driver for Chrome 134)
abr 04, 2025 4:37:04 P. M. io.github.bonigarcia.wdm.online.Downloader downloadAndExtract
INFORMACIÓN: Downloading https://storage.googleapis.com/chrome-for-testing-public/134.0.6998.165/mac-arm64/chromedriver-mac-arm64.zip
abr 04, 2025 4:37:05 P. M. io.github.bonigarcia.wdm.online.Downloader extract
INFORMACIÓN: Extracting driver from compressed file chromedriver-mac-arm64.zip
abr 04, 2025 4:37:05 P. M. io.github.bonigarcia.wdm.WebDriverManager exportDriver
INFORMACIÓN: Exporting webdriver.chrome.driver as /Users/usuario/.cache/selenium/chromedriver/mac-arm64/134.0.6998.165/chromedriver
abr 04, 2025 4:37:05 P. M. io.github.bonigarcia.wdm.cache.ResolutionCache clear
INFORMACIÓN: Clearing WebDriverManager resolution cache
abr 04, 2025 4:37:05 P. M. io.github.bonigarcia.wdm.WebDriverManager resolveDriverVersion
INFORMACIÓN: Using chromedriver 134.0.6998.165 (resolved driver for Chrome 134)
abr 04, 2025 4:37:05 P. M. io.github.bonigarcia.wdm.WebDriverManager exportDriver
INFORMACIÓN: Exporting webdriver.chrome.driver as /Users/usuario/.cache/selenium/chromedriver/mac-arm64/134.0.6998.165/chromedriver
abr 04, 2025 4:37:05 P. M. io.github.bonigarcia.wdm.WebDriverManager resolveDriverVersion
INFORMACIÓN: Using chromedriver 134.0.6998.165 (resolved driver for Chrome 134)
abr 04, 2025 4:37:05 P. M. io.github.bonigarcia.wdm.WebDriverManager exportDriver
INFORMACIÓN: Exporting webdriver.chrome.driver as /Users/usuario/.cache/selenium/chromedriver/mac-arm64/134.0.6998.165/chromedriver
abr 04, 2025 4:37:06 P. M. org.openqa.selenium.devtools.CdpVersionFinder findNearestMatch
ADVERTENCIA: Unable to find an exact match for CDP version 134, returning the closest version; found: 133; Please update to a Selenium version that supports CDP version 134
]]></system-err>
  </testcase>
  <testcase name="unsuccessfulPasswordEmptyTest" classname="testScript.LoginTest" time="6.219">
    <system-out><![CDATA[Restarted browser
Prueba OK...Epic sadface: Username is required
]]></system-out>
    <system-err><![CDATA[abr 04, 2025 4:37:14 P. M. io.github.bonigarcia.wdm.WebDriverManager resolveDriverVersion
INFORMACIÓN: Using chromedriver 134.0.6998.165 (resolved driver for Chrome 134)
abr 04, 2025 4:37:14 P. M. io.github.bonigarcia.wdm.online.Downloader downloadAndExtract
INFORMACIÓN: Downloading https://storage.googleapis.com/chrome-for-testing-public/134.0.6998.165/mac-arm64/chromedriver-mac-arm64.zip
abr 04, 2025 4:37:15 P. M. io.github.bonigarcia.wdm.online.Downloader extract
INFORMACIÓN: Extracting driver from compressed file chromedriver-mac-arm64.zip
abr 04, 2025 4:37:15 P. M. io.github.bonigarcia.wdm.WebDriverManager exportDriver
INFORMACIÓN: Exporting webdriver.chrome.driver as /Users/usuario/.cache/selenium/chromedriver/mac-arm64/134.0.6998.165/chromedriver
abr 04, 2025 4:37:15 P. M. io.github.bonigarcia.wdm.cache.ResolutionCache clear
INFORMACIÓN: Clearing WebDriverManager resolution cache
abr 04, 2025 4:37:15 P. M. io.github.bonigarcia.wdm.WebDriverManager resolveDriverVersion
INFORMACIÓN: Using chromedriver 134.0.6998.165 (resolved driver for Chrome 134)
abr 04, 2025 4:37:15 P. M. io.github.bonigarcia.wdm.WebDriverManager exportDriver
INFORMACIÓN: Exporting webdriver.chrome.driver as /Users/usuario/.cache/selenium/chromedriver/mac-arm64/134.0.6998.165/chromedriver
abr 04, 2025 4:37:15 P. M. io.github.bonigarcia.wdm.WebDriverManager resolveDriverVersion
INFORMACIÓN: Using chromedriver 134.0.6998.165 (resolved driver for Chrome 134)
abr 04, 2025 4:37:15 P. M. io.github.bonigarcia.wdm.WebDriverManager exportDriver
INFORMACIÓN: Exporting webdriver.chrome.driver as /Users/usuario/.cache/selenium/chromedriver/mac-arm64/134.0.6998.165/chromedriver
abr 04, 2025 4:37:16 P. M. org.openqa.selenium.devtools.CdpVersionFinder findNearestMatch
ADVERTENCIA: Unable to find an exact match for CDP version 134, returning the closest version; found: 133; Please update to a Selenium version that supports CDP version 134
]]></system-err>
  </testcase>
  <testcase name="unsuccessfulPasswordLoginTest" classname="testScript.LoginTest" time="6.28">
    <system-out><![CDATA[Restarted browser
Prueba OK...Epic sadface: Username and password do not match any user in this service
]]></system-out>
    <system-err><![CDATA[abr 04, 2025 4:37:24 P. M. io.github.bonigarcia.wdm.WebDriverManager resolveDriverVersion
INFORMACIÓN: Using chromedriver 134.0.6998.165 (resolved driver for Chrome 134)
abr 04, 2025 4:37:24 P. M. io.github.bonigarcia.wdm.online.Downloader downloadAndExtract
INFORMACIÓN: Downloading https://storage.googleapis.com/chrome-for-testing-public/134.0.6998.165/mac-arm64/chromedriver-mac-arm64.zip
abr 04, 2025 4:37:24 P. M. io.github.bonigarcia.wdm.online.Downloader extract
INFORMACIÓN: Extracting driver from compressed file chromedriver-mac-arm64.zip
abr 04, 2025 4:37:24 P. M. io.github.bonigarcia.wdm.WebDriverManager exportDriver
INFORMACIÓN: Exporting webdriver.chrome.driver as /Users/usuario/.cache/selenium/chromedriver/mac-arm64/134.0.6998.165/chromedriver
abr 04, 2025 4:37:24 P. M. io.github.bonigarcia.wdm.cache.ResolutionCache clear
INFORMACIÓN: Clearing WebDriverManager resolution cache
abr 04, 2025 4:37:25 P. M. io.github.bonigarcia.wdm.WebDriverManager resolveDriverVersion
INFORMACIÓN: Using chromedriver 134.0.6998.165 (resolved driver for Chrome 134)
abr 04, 2025 4:37:25 P. M. io.github.bonigarcia.wdm.WebDriverManager exportDriver
INFORMACIÓN: Exporting webdriver.chrome.driver as /Users/usuario/.cache/selenium/chromedriver/mac-arm64/134.0.6998.165/chromedriver
abr 04, 2025 4:37:25 P. M. io.github.bonigarcia.wdm.WebDriverManager resolveDriverVersion
INFORMACIÓN: Using chromedriver 134.0.6998.165 (resolved driver for Chrome 134)
abr 04, 2025 4:37:25 P. M. io.github.bonigarcia.wdm.WebDriverManager exportDriver
INFORMACIÓN: Exporting webdriver.chrome.driver as /Users/usuario/.cache/selenium/chromedriver/mac-arm64/134.0.6998.165/chromedriver
abr 04, 2025 4:37:26 P. M. org.openqa.selenium.devtools.CdpVersionFinder findNearestMatch
ADVERTENCIA: Unable to find an exact match for CDP version 134, returning the closest version; found: 133; Please update to a Selenium version that supports CDP version 134
]]></system-err>
  </testcase>
  <testcase name="unsuccessfulUserLoginTest" classname="testScript.LoginTest" time="6.282">
    <system-out><![CDATA[Restarted browser
Prueba OK...Epic sadface: Username and password do not match any user in this service
]]></system-out>
    <system-err><![CDATA[abr 04, 2025 4:37:33 P. M. io.github.bonigarcia.wdm.WebDriverManager resolveDriverVersion
INFORMACIÓN: Using chromedriver 134.0.6998.165 (resolved driver for Chrome 134)
abr 04, 2025 4:37:33 P. M. io.github.bonigarcia.wdm.online.Downloader downloadAndExtract
INFORMACIÓN: Downloading https://storage.googleapis.com/chrome-for-testing-public/134.0.6998.165/mac-arm64/chromedriver-mac-arm64.zip
abr 04, 2025 4:37:34 P. M. io.github.bonigarcia.wdm.online.Downloader extract
INFORMACIÓN: Extracting driver from compressed file chromedriver-mac-arm64.zip
abr 04, 2025 4:37:34 P. M. io.github.bonigarcia.wdm.WebDriverManager exportDriver
INFORMACIÓN: Exporting webdriver.chrome.driver as /Users/usuario/.cache/selenium/chromedriver/mac-arm64/134.0.6998.165/chromedriver
abr 04, 2025 4:37:34 P. M. io.github.bonigarcia.wdm.cache.ResolutionCache clear
INFORMACIÓN: Clearing WebDriverManager resolution cache
abr 04, 2025 4:37:34 P. M. io.github.bonigarcia.wdm.WebDriverManager resolveDriverVersion
INFORMACIÓN: Using chromedriver 134.0.6998.165 (resolved driver for Chrome 134)
abr 04, 2025 4:37:34 P. M. io.github.bonigarcia.wdm.WebDriverManager exportDriver
INFORMACIÓN: Exporting webdriver.chrome.driver as /Users/usuario/.cache/selenium/chromedriver/mac-arm64/134.0.6998.165/chromedriver
abr 04, 2025 4:37:34 P. M. io.github.bonigarcia.wdm.WebDriverManager resolveDriverVersion
INFORMACIÓN: Using chromedriver 134.0.6998.165 (resolved driver for Chrome 134)
abr 04, 2025 4:37:34 P. M. io.github.bonigarcia.wdm.WebDriverManager exportDriver
INFORMACIÓN: Exporting webdriver.chrome.driver as /Users/usuario/.cache/selenium/chromedriver/mac-arm64/134.0.6998.165/chromedriver
abr 04, 2025 4:37:35 P. M. org.openqa.selenium.devtools.CdpVersionFinder findNearestMatch
ADVERTENCIA: Unable to find an exact match for CDP version 134, returning the closest version; found: 133; Please update to a Selenium version that supports CDP version 134
]]></system-err>
  </testcase>
</testsuite>