<?xml version="1.0" encoding="UTF-8"?>
<testng-results ignored="0" total="4" passed="4" failed="0" skipped="0">
  <reporter-output>
  </reporter-output>
  <suite started-at="2025-04-04T16:37:04 COT" name="parallel" finished-at="2025-04-04T16:37:42 COT" duration-ms="38501">
    <groups>
    </groups>
    <test started-at="2025-04-04T16:37:04 COT" name="Device-1" finished-at="2025-04-04T16:37:42 COT" duration-ms="38501">
      <class name="testScript.LoginTest">
        <test-method is-config="true" signature="initialize(java.lang.String)[pri:0, instance:testScript.LoginTest@794cb805]" started-at="2025-04-04T16:37:04 COT" name="initialize" finished-at="2025-04-04T16:37:07 COT" duration-ms="3726" status="PASS">
          <params>
            <param index="0">
              <value>
                <![CDATA[https://www.saucedemo.com/]]>
              </value>
            </param>
          </params>
          <reporter-output>
          </reporter-output>
        </test-method> <!-- initialize -->
        <test-method signature="successfulLoginTest()[pri:0, instance:testScript.LoginTest@794cb805]" started-at="2025-04-04T16:37:07 COT" name="successfulLoginTest" finished-at="2025-04-04T16:37:14 COT" duration-ms="6393" status="PASS">
          <reporter-output>
          </reporter-output>
        </test-method> <!-- successfulLoginTest -->
        <test-method is-config="true" signature="afterTest()[pri:0, instance:testScript.LoginTest@794cb805]" started-at="2025-04-04T16:37:14 COT" name="afterTest" finished-at="2025-04-04T16:37:14 COT" duration-ms="91" status="PASS">
          <reporter-output>
          </reporter-output>
        </test-method> <!-- afterTest -->
        <test-method is-config="true" signature="initialize(java.lang.String)[pri:0, instance:testScript.LoginTest@794cb805]" started-at="2025-04-04T16:37:14 COT" name="initialize" finished-at="2025-04-04T16:37:17 COT" duration-ms="3271" status="PASS">
          <params>
            <param index="0">
              <value>
                <![CDATA[https://www.saucedemo.com/]]>
              </value>
            </param>
          </params>
          <reporter-output>
          </reporter-output>
        </test-method> <!-- initialize -->
        <test-method signature="unsuccessfulPasswordEmptyTest()[pri:0, instance:testScript.LoginTest@794cb805]" started-at="2025-04-04T16:37:17 COT" name="unsuccessfulPasswordEmptyTest" finished-at="2025-04-04T16:37:23 COT" duration-ms="6219" status="PASS">
          <reporter-output>
          </reporter-output>
        </test-method> <!-- unsuccessfulPasswordEmptyTest -->
        <test-method is-config="true" signature="afterTest()[pri:0, instance:testScript.LoginTest@794cb805]" started-at="2025-04-04T16:37:23 COT" name="afterTest" finished-at="2025-04-04T16:37:23 COT" duration-ms="81" status="PASS">
          <reporter-output>
          </reporter-output>
        </test-method> <!-- afterTest -->
        <test-method is-config="true" signature="initialize(java.lang.String)[pri:0, instance:testScript.LoginTest@794cb805]" started-at="2025-04-04T16:37:23 COT" name="initialize" finished-at="2025-04-04T16:37:27 COT" duration-ms="3050" status="PASS">
          <params>
            <param index="0">
              <value>
                <![CDATA[https://www.saucedemo.com/]]>
              </value>
            </param>
          </params>
          <reporter-output>
          </reporter-output>
        </test-method> <!-- initialize -->
        <test-method signature="unsuccessfulPasswordLoginTest()[pri:0, instance:testScript.LoginTest@794cb805]" started-at="2025-04-04T16:37:27 COT" name="unsuccessfulPasswordLoginTest" finished-at="2025-04-04T16:37:33 COT" duration-ms="6280" status="PASS">
          <reporter-output>
          </reporter-output>
        </test-method> <!-- unsuccessfulPasswordLoginTest -->
        <test-method is-config="true" signature="afterTest()[pri:0, instance:testScript.LoginTest@794cb805]" started-at="2025-04-04T16:37:33 COT" name="afterTest" finished-at="2025-04-04T16:37:33 COT" duration-ms="88" status="PASS">
          <reporter-output>
          </reporter-output>
        </test-method> <!-- afterTest -->
        <test-method is-config="true" signature="initialize(java.lang.String)[pri:0, instance:testScript.LoginTest@794cb805]" started-at="2025-04-04T16:37:33 COT" name="initialize" finished-at="2025-04-04T16:37:36 COT" duration-ms="2914" status="PASS">
          <params>
            <param index="0">
              <value>
                <![CDATA[https://www.saucedemo.com/]]>
              </value>
            </param>
          </params>
          <reporter-output>
          </reporter-output>
        </test-method> <!-- initialize -->
        <test-method signature="unsuccessfulUserLoginTest()[pri:0, instance:testScript.LoginTest@794cb805]" started-at="2025-04-04T16:37:36 COT" name="unsuccessfulUserLoginTest" finished-at="2025-04-04T16:37:42 COT" duration-ms="6282" status="PASS">
          <reporter-output>
          </reporter-output>
        </test-method> <!-- unsuccessfulUserLoginTest -->
        <test-method is-config="true" signature="afterTest()[pri:0, instance:testScript.LoginTest@794cb805]" started-at="2025-04-04T16:37:42 COT" name="afterTest" finished-at="2025-04-04T16:37:42 COT" duration-ms="92" status="PASS">
          <reporter-output>
          </reporter-output>
        </test-method> <!-- afterTest -->
      </class> <!-- testScript.LoginTest -->
    </test> <!-- Device-1 -->
  </suite> <!-- parallel -->
</testng-results>
