<?xml version="1.0" encoding="UTF-8"?>
<!-- Generated by org.testng.reporters.JUnitXMLReporter -->
<testsuite ignored="0" hostname="MacBook-Pro-de-Usuario.local" failures="0" tests="4" name="Device-1" time="38.501" errors="0" timestamp="2025-04-04T16:37:42 COT">
  <testcase classname="testScript.LoginTest" name="successfulLoginTest" time="6.393"/>
  <testcase classname="testScript.LoginTest" name="unsuccessfulPasswordEmptyTest" time="6.219"/>
  <testcase classname="testScript.LoginTest" name="unsuccessfulPasswordLoginTest" time="6.28"/>
  <testcase classname="testScript.LoginTest" name="unsuccessfulUserLoginTest" time="6.282"/>
</testsuite> <!-- Device-1 -->
